\BOOKMARK [0][-]{chapter*.1}{Lista de s\355mbolos}{}% 1
\BOOKMARK [0][-]{chapter*.1}{Lista de siglas}{}% 2
\BOOKMARK [0][-]{chapter.1}{Introducci\363n}{}% 3
\BOOKMARK [0][-]{chapter.2}{Descripci\363n del problema}{}% 4
\BOOKMARK [1][-]{section.2.1}{Formulaci\363n del problema}{chapter.2}% 5
\BOOKMARK [1][-]{section.2.2}{Heur\355stica de referencia}{chapter.2}% 6
\BOOKMARK [0][-]{chapter.3}{Marco te\363rico}{}% 7
\BOOKMARK [1][-]{section.3.1}{Aprendizaje autom\341tico}{chapter.3}% 8
\BOOKMARK [1][-]{section.3.2}{Clasificadores de inter\351s}{chapter.3}% 9
\BOOKMARK [2][-]{subsection.3.2.1}{Redes neuronales artificiales}{section.3.2}% 10
\BOOKMARK [2][-]{subsection.3.2.2}{SVM}{section.3.2}% 11
\BOOKMARK [0][-]{chapter.4}{Trabajos relacionados}{}% 12
\BOOKMARK [1][-]{section.4.1}{Savant Virtual}{chapter.4}% 13
\BOOKMARK [1][-]{section.4.2}{T\351cnicas de clasificaci\363n}{chapter.4}% 14
\BOOKMARK [1][-]{section.4.3}{Selecci\363n y extracci\363n de atributos}{chapter.4}% 15
\BOOKMARK [1][-]{section.4.4}{MapReduce}{chapter.4}% 16
\BOOKMARK [1][-]{section.4.5}{Resumen}{chapter.4}% 17
\BOOKMARK [1][-]{section.4.6}{Implementaci\363n}{chapter.4}% 18
\BOOKMARK [2][-]{subsection.4.6.1}{Generaci\363n de instancias del problema e instancias de entrenamiento}{section.4.6}% 19
\BOOKMARK [2][-]{subsection.4.6.2}{Generaci\363n de clasificadores}{section.4.6}% 20
\BOOKMARK [2][-]{subsection.4.6.3}{Clasificaci\363n}{section.4.6}% 21
\BOOKMARK [0][-]{chapter.5}{An\341lisis Experimental}{}% 22
\BOOKMARK [1][-]{section.5.1}{Decisiones de configuraci\363n}{chapter.5}% 23
\BOOKMARK [1][-]{section.5.2}{An\341lisis combinado para redes neuronales de 2, 3 y 4 capas ocultas}{chapter.5}% 24
\BOOKMARK [1][-]{section.5.3}{Red neuronal con activaci\363n relu de dos capas ocultas}{chapter.5}% 25
\BOOKMARK [1][-]{section.5.4}{Red neuronal con activaci\363n identity de dos capas ocultas}{chapter.5}% 26
\BOOKMARK [1][-]{section.5.5}{Red neuronal con activaci\363n tanh de dos capas ocultas}{chapter.5}% 27
\BOOKMARK [1][-]{section.5.6}{Observaciones generales}{chapter.5}% 28
\BOOKMARK [0][-]{chapter.6}{Conclusiones y trabajo a futuro}{}% 29
\BOOKMARK [1][-]{section.6.1}{Conclusiones}{chapter.6}% 30
\BOOKMARK [1][-]{section.6.2}{Trabajo a futuro}{chapter.6}% 31
\BOOKMARK [0][-]{chapter*.109}{Referencias bibliogr\341ficas}{}% 32
\BOOKMARK [0][-]{chapter*.109}{Glosario}{}% 33
\BOOKMARK [0][-]{section*.110}{Ap\351ndices}{}% 34
\BOOKMARK [0][-]{appendix.Alph1}{Datos procesados}{}% 35
\BOOKMARK [0][-]{appendix.Alph2}{Im\341genes remasterizadas}{}% 36
\BOOKMARK [0][-]{appendix.Alph3}{Entrevistas desgrabadas}{}% 37
\BOOKMARK [0][-]{section*.111}{Anexos}{}% 38
\BOOKMARK [0][-]{appendix.Anexo.1}{Material legislativo}{}% 39
